<?xml version="1.0" encoding="UTF-8"?>
<testng-results ignored="0" total="0" passed="0" failed="0" skipped="0">
  <reporter-output>
  </reporter-output>
  <suite started-at="2021-03-17T13:43:42Z" name="com.automation.training.AppTest" finished-at="2021-03-17T13:43:42Z" duration-ms="2">
    <groups>
    </groups>
    <test started-at="2021-03-17T13:43:42Z" name="Command line test" finished-at="2021-03-17T13:43:42Z" duration-ms="2">
    </test> <!-- Command line test -->
  </suite> <!-- com.automation.training.AppTest -->
</testng-results>
